<?xml version="1.0" encoding="UTF-8"?>
<!-- Generated by org.testng.reporters.JUnitReportReporter -->
<testsuite hostname="LAPTOP-0VHLILOQ" failures="0" tests="7" name="testng.test1" time="0.012" errors="0" timestamp="2022-09-10T10:32:57 IST" skipped="1">
  <testcase classname="testng.test1" name="messages" time="0.007"/>
  <system-out>
    <![CDATA[hai]]>
  </system-out>
  <testcase classname="testng.test1" name="calls" time="0.001"/>
  <system-out>
    <![CDATA[brother]]>
  </system-out>
  <testcase classname="testng.test1" name="calls" time="0.001"/>
  <system-out>
    <![CDATA[brother]]>
  </system-out>
  <testcase classname="testng.test1" name="calls" time="0.001"/>
  <system-out>
    <![CDATA[brother]]>
  </system-out>
  <testcase classname="testng.test1" name="calls" time="0.001"/>
  <system-out>
    <![CDATA[brother]]>
  </system-out>
  <testcase classname="testng.test1" name="calls" time="0.001"/>
  <system-out>
    <![CDATA[brother]]>
  </system-out>
  <testcase classname="testng.test1" name="settings">
    <skipped/>
  </testcase> <!-- settings -->
  <system-out/>
</testsuite> <!-- testng.test1 -->
